<?xml version="1.0" encoding="UTF-8"?>
<robot generator="Robot 3.2.2 (Python 3.9.0 on win32)" generated="20201208 14:48:43.087" rpa="false">
<suite id="s1" name="Chropath" source="C:\Users\99002523\eclipse-workspace\chropath">
<suite id="s1-s1" name="Testsuite" source="C:\Users\99002523\eclipse-workspace\chropath\testsuite">
<suite id="s1-s1-s1" name="Chropath" source="C:\Users\99002523\eclipse-workspace\chropath\testsuite\chropath.robot">
<test id="s1-s1-s1-t1" name="support">
<kw name="Append To Environment Variable" library="OperatingSystem">
<doc>Appends given ``values`` to environment variable ``name``.</doc>
<arguments>
<arg>Path</arg>
<arg>${EXECDIR}${/}driver${/}</arg>
</arguments>
<msg timestamp="20201208 14:48:43.326" level="INFO">Environment variable 'Path' set to value 'C:/Users/99002523/.p2/pool/plugins/org.eclipse.justj.openjdk.hotspot.jre.full.win32.x86_64_14.0.2.v20200815-0932/jre/bin/server;C:/Users/99002523/.p2/pool/plugins/org.eclipse.justj.openjdk.hotspot.jre.full.win32.x86_64_14.0.2.v20200815-0932/jre/bin;C:\ProgramData\Oracle\Java\javapath;C:\Program Files (x86)\Intel\Intel(R) Management Engine Components\iCLS\;C:\Program Files\Intel\Intel(R) Management Engine Components\iCLS\;C:\WINDOWS\system32;C:\WINDOWS;C:\WINDOWS\System32\Wbem;C:\WINDOWS\System32\WindowsPowerShell\v1.0\;C:\WINDOWS\System32\OpenSSH\;C:\Program Files (x86)\Intel\Intel(R) Management Engine Components\DAL;C:\Program Files\Intel\Intel(R) Management Engine Components\DAL;C:\Program Files\TortoiseSVN\bin;C:\Users\99002523\AppData\Local\Programs\Python\Python39\Scripts\;C:\Users\99002523\AppData\Local\Programs\Python\Python39\;C:\Users\99002523\AppData\Local\Microsoft\WindowsApps;;C:\Users\99002523\Desktop;;C:\Users\99002523\eclipse-workspace\chropath\driver\'.</msg>
<status status="PASS" starttime="20201208 14:48:43.325" endtime="20201208 14:48:43.326"></status>
</kw>
<kw name="Open Browser" library="SeleniumLibrary">
<doc>Opens a new browser instance to the optional ``url``.</doc>
<arguments>
<arg>browser=chrome</arg>
</arguments>
<msg timestamp="20201208 14:48:43.326" level="INFO">Opening browser 'chrome' to base url 'None'.</msg>
<status status="PASS" starttime="20201208 14:48:43.326" endtime="20201208 14:48:47.120"></status>
</kw>
<kw name="Maximize Browser Window" library="SeleniumLibrary">
<doc>Maximizes current browser window.</doc>
<status status="PASS" starttime="20201208 14:48:47.120" endtime="20201208 14:48:49.237"></status>
</kw>
<kw name="Go To" library="SeleniumLibrary">
<doc>Navigates the current browser window to the provided ``url``.</doc>
<arguments>
<arg>url=https://www.apple.com/in/</arg>
</arguments>
<msg timestamp="20201208 14:48:49.238" level="INFO">Opening url 'https://www.apple.com/in/'</msg>
<status status="PASS" starttime="20201208 14:48:49.237" endtime="20201208 14:48:50.221"></status>
</kw>
<kw name="Set Browser Implicit Wait" library="SeleniumLibrary">
<doc>Sets the implicit wait value used by Selenium.</doc>
<arguments>
<arg>10s</arg>
</arguments>
<status status="PASS" starttime="20201208 14:48:50.221" endtime="20201208 14:48:50.223"></status>
</kw>
<kw name="Step Finder" library="reader">
<assign>
<var>${steps}</var>
</assign>
<msg timestamp="20201208 14:48:50.225" level="INFO">${steps} = ['Step', 'Open website', 'Click on Learn more', 'Click on Watch the event']</msg>
<status status="PASS" starttime="20201208 14:48:50.223" endtime="20201208 14:48:50.225"></status>
</kw>
<kw name="${element} IN [ @{steps} ]" type="for">
<kw name="${element} = Step" type="foritem">
<kw name="Log To Console" library="BuiltIn">
<doc>Logs the given message to the console.</doc>
<arguments>
<arg>${\n}</arg>
</arguments>
<status status="PASS" starttime="20201208 14:48:50.226" endtime="20201208 14:48:50.226"></status>
</kw>
<kw name="Log To Console" library="BuiltIn">
<doc>Logs the given message to the console.</doc>
<arguments>
<arg>${element}</arg>
</arguments>
<status status="PASS" starttime="20201208 14:48:50.226" endtime="20201208 14:48:50.226"></status>
</kw>
<status status="PASS" starttime="20201208 14:48:50.225" endtime="20201208 14:48:50.227"></status>
</kw>
<kw name="${element} = Open website" type="foritem">
<kw name="Log To Console" library="BuiltIn">
<doc>Logs the given message to the console.</doc>
<arguments>
<arg>${\n}</arg>
</arguments>
<status status="PASS" starttime="20201208 14:48:50.227" endtime="20201208 14:48:50.227"></status>
</kw>
<kw name="Log To Console" library="BuiltIn">
<doc>Logs the given message to the console.</doc>
<arguments>
<arg>${element}</arg>
</arguments>
<status status="PASS" starttime="20201208 14:48:50.228" endtime="20201208 14:48:50.228"></status>
</kw>
<status status="PASS" starttime="20201208 14:48:50.227" endtime="20201208 14:48:50.228"></status>
</kw>
<kw name="${element} = Click on Learn more" type="foritem">
<kw name="Log To Console" library="BuiltIn">
<doc>Logs the given message to the console.</doc>
<arguments>
<arg>${\n}</arg>
</arguments>
<status status="PASS" starttime="20201208 14:48:50.229" endtime="20201208 14:48:50.229"></status>
</kw>
<kw name="Log To Console" library="BuiltIn">
<doc>Logs the given message to the console.</doc>
<arguments>
<arg>${element}</arg>
</arguments>
<status status="PASS" starttime="20201208 14:48:50.229" endtime="20201208 14:48:50.230"></status>
</kw>
<status status="PASS" starttime="20201208 14:48:50.228" endtime="20201208 14:48:50.230"></status>
</kw>
<kw name="${element} = Click on Watch the event" type="foritem">
<kw name="Log To Console" library="BuiltIn">
<doc>Logs the given message to the console.</doc>
<arguments>
<arg>${\n}</arg>
</arguments>
<status status="PASS" starttime="20201208 14:48:50.230" endtime="20201208 14:48:50.230"></status>
</kw>
<kw name="Log To Console" library="BuiltIn">
<doc>Logs the given message to the console.</doc>
<arguments>
<arg>${element}</arg>
</arguments>
<status status="PASS" starttime="20201208 14:48:50.231" endtime="20201208 14:48:50.231"></status>
</kw>
<status status="PASS" starttime="20201208 14:48:50.230" endtime="20201208 14:48:50.231"></status>
</kw>
<status status="PASS" starttime="20201208 14:48:50.225" endtime="20201208 14:48:50.231"></status>
</kw>
<kw name="Set Local Variable" library="BuiltIn">
<doc>Makes a variable available everywhere within the local scope.</doc>
<arguments>
<arg>${3}</arg>
</arguments>
<assign>
<var>${a}</var>
</assign>
<msg timestamp="20201208 14:48:50.232" level="INFO">${3} = 3</msg>
<msg timestamp="20201208 14:48:50.232" level="INFO">${a} = None</msg>
<status status="PASS" starttime="20201208 14:48:50.231" endtime="20201208 14:48:50.232"></status>
</kw>
<kw name="Csvfinder" library="reader">
<arguments>
<arg>Click on Learn more</arg>
</arguments>
<assign>
<var>${apr}</var>
</assign>
<msg timestamp="20201208 14:48:50.234" level="INFO">${apr} = //body/main[1]/section[2]/div[1]/div[1]/div[1]/div[1]/div[1]/a[1]
</msg>
<status status="PASS" starttime="20201208 14:48:50.232" endtime="20201208 14:48:50.234"></status>
</kw>
<kw name="Wait Until Element Is Visible" library="SeleniumLibrary">
<doc>Waits until the element ``locator`` is visible.</doc>
<arguments>
<arg>${apr}</arg>
</arguments>
<status status="PASS" starttime="20201208 14:48:50.234" endtime="20201208 14:48:50.337"></status>
</kw>
<kw name="Click Element" library="SeleniumLibrary">
<doc>Click the element identified by ``locator``.</doc>
<arguments>
<arg>${apr}</arg>
</arguments>
<msg timestamp="20201208 14:48:50.338" level="INFO">Clicking element '//body/main[1]/section[2]/div[1]/div[1]/div[1]/div[1]/div[1]/a[1]
'.</msg>
<status status="PASS" starttime="20201208 14:48:50.338" endtime="20201208 14:48:52.540"></status>
</kw>
<kw name="Csvfinder" library="reader">
<arguments>
<arg>Click on Watch the event</arg>
</arguments>
<assign>
<var>${apr}</var>
</assign>
<msg timestamp="20201208 14:48:52.542" level="INFO">//span[contains(text(),'Watch the event')]</msg>
<msg timestamp="20201208 14:48:52.542" level="INFO">${apr} = //span[contains(text(),'Watch the event')]
</msg>
<status status="PASS" starttime="20201208 14:48:52.541" endtime="20201208 14:48:52.542"></status>
</kw>
<kw name="Scroll Element Into View" library="SeleniumLibrary">
<doc>Scrolls the element identified by ``locator`` into view.</doc>
<arguments>
<arg>${apr}</arg>
</arguments>
<status status="PASS" starttime="20201208 14:48:52.543" endtime="20201208 14:48:52.833"></status>
</kw>
<kw name="Wait Until Element Is Visible" library="SeleniumLibrary">
<doc>Waits until the element ``locator`` is visible.</doc>
<arguments>
<arg>${apr}</arg>
<arg>30s</arg>
</arguments>
<status status="PASS" starttime="20201208 14:48:52.833" endtime="20201208 14:48:52.854"></status>
</kw>
<kw name="Click Element" library="SeleniumLibrary">
<doc>Click the element identified by ``locator``.</doc>
<arguments>
<arg>${apr}</arg>
</arguments>
<msg timestamp="20201208 14:48:52.855" level="INFO">Clicking element '//span[contains(text(),'Watch the event')]
'.</msg>
<status status="PASS" starttime="20201208 14:48:52.855" endtime="20201208 14:48:54.175"></status>
</kw>
<status status="PASS" starttime="20201208 14:48:43.325" endtime="20201208 14:48:54.175" critical="yes"></status>
</test>
<status status="PASS" starttime="20201208 14:48:43.149" endtime="20201208 14:48:54.176"></status>
</suite>
<status status="PASS" starttime="20201208 14:48:43.147" endtime="20201208 14:48:54.177"></status>
</suite>
<status status="PASS" starttime="20201208 14:48:43.127" endtime="20201208 14:48:54.179"></status>
</suite>
<statistics>
<total>
<stat pass="1" fail="0">Critical Tests</stat>
<stat pass="1" fail="0">All Tests</stat>
</total>
<tag>
</tag>
<suite>
<stat pass="1" fail="0" id="s1" name="Chropath">Chropath</stat>
<stat pass="1" fail="0" id="s1-s1" name="Testsuite">Chropath.Testsuite</stat>
<stat pass="1" fail="0" id="s1-s1-s1" name="Chropath">Chropath.Testsuite.Chropath</stat>
</suite>
</statistics>
<errors>
</errors>
</robot>
